0 info it worked if it ends with ok
1 verbose cli [ '/Users/van/.nvm/versions/node/v6.2.0/bin/node',
1 verbose cli   '/Users/van/.nvm/versions/node/v6.2.0/bin/npm',
1 verbose cli   'start' ]
2 info using npm@3.8.9
3 info using node@v6.2.0
4 verbose run-script [ 'prestart', 'start', 'poststart' ]
5 info lifecycle milestone-resources@1.0.0~prestart: milestone-resources@1.0.0
6 silly lifecycle milestone-resources@1.0.0~prestart: no script for prestart, continuing
7 info lifecycle milestone-resources@1.0.0~start: milestone-resources@1.0.0
8 verbose lifecycle milestone-resources@1.0.0~start: unsafe-perm in lifecycle true
9 verbose lifecycle milestone-resources@1.0.0~start: PATH: /Users/van/.nvm/versions/node/v6.2.0/lib/node_modules/npm/bin/node-gyp-bin:/Users/van/src/milestone-resources/node_modules/.bin:/Users/van/.nvm/versions/node/v6.2.0/bin:/Users/van/.nvm/versions/node/v6.2.0/bin:/opt/local/bin:/opt/local/sbin:/opt/local/bin:/opt/local/sbin:/usr/local/bin:/usr/bin:/bin:/usr/sbin:/sbin:/opt/X11/bin
10 verbose lifecycle milestone-resources@1.0.0~start: CWD: /Users/van/src/milestone-resources
11 silly lifecycle milestone-resources@1.0.0~start: Args: [ '-c', './app.js' ]
12 silly lifecycle milestone-resources@1.0.0~start: Returned: code: 126  signal: null
13 info lifecycle milestone-resources@1.0.0~start: Failed to exec start script
14 verbose stack Error: milestone-resources@1.0.0 start: `./app.js`
14 verbose stack Exit status 126
14 verbose stack     at EventEmitter.<anonymous> (/Users/van/.nvm/versions/node/v6.2.0/lib/node_modules/npm/lib/utils/lifecycle.js:245:16)
14 verbose stack     at emitTwo (events.js:106:13)
14 verbose stack     at EventEmitter.emit (events.js:191:7)
14 verbose stack     at ChildProcess.<anonymous> (/Users/van/.nvm/versions/node/v6.2.0/lib/node_modules/npm/lib/utils/spawn.js:24:14)
14 verbose stack     at emitTwo (events.js:106:13)
14 verbose stack     at ChildProcess.emit (events.js:191:7)
14 verbose stack     at maybeClose (internal/child_process.js:850:16)
14 verbose stack     at Process.ChildProcess._handle.onexit (internal/child_process.js:215:5)
15 verbose pkgid milestone-resources@1.0.0
16 verbose cwd /Users/van/src/milestone-resources
17 error Darwin 14.3.0
18 error argv "/Users/van/.nvm/versions/node/v6.2.0/bin/node" "/Users/van/.nvm/versions/node/v6.2.0/bin/npm" "start"
19 error node v6.2.0
20 error npm  v3.8.9
21 error code ELIFECYCLE
22 error milestone-resources@1.0.0 start: `./app.js`
22 error Exit status 126
23 error Failed at the milestone-resources@1.0.0 start script './app.js'.
23 error Make sure you have the latest version of node.js and npm installed.
23 error If you do, this is most likely a problem with the milestone-resources package,
23 error not with npm itself.
23 error Tell the author that this fails on your system:
23 error     ./app.js
23 error You can get information on how to open an issue for this project with:
23 error     npm bugs milestone-resources
23 error Or if that isn't available, you can get their info via:
23 error     npm owner ls milestone-resources
23 error There is likely additional logging output above.
24 verbose exit [ 1, true ]
